23:14:33,912  INFO DefaultApplicationObjectConfigurer,AWT-EventQueue-0:687 - The message source is unable to find message code [newArtifactCommand.label]. Ignoring and returning null.
23:14:33,912  INFO DefaultApplicationObjectConfigurer,AWT-EventQueue-0:687 - The message source is unable to find message code [newArtifactCommand.caption]. Ignoring and returning null.
23:14:33,922  INFO DefaultApplicationObjectConfigurer,AWT-EventQueue-0:687 - The message source is unable to find message code [newArtifactCommand.description]. Ignoring and returning null.
23:14:33,922  INFO DefaultIconSource,AWT-EventQueue-0:68 - No image resource found for icon with key 'newArtifactCommand.icon'; returning a <null> icon.
23:14:33,922  INFO DefaultIconSource,AWT-EventQueue-0:68 - No image resource found for icon with key 'newArtifactCommand.large.icon'; returning a <null> icon.
23:14:33,922  INFO DefaultApplicationObjectConfigurer,AWT-EventQueue-0:687 - The message source is unable to find message code [newArtifactCommand.label]. Ignoring and returning null.
23:14:33,922  INFO DefaultApplicationObjectConfigurer,AWT-EventQueue-0:687 - The message source is unable to find message code [newArtifactCommand.caption]. Ignoring and returning null.
23:14:33,922  INFO DefaultApplicationObjectConfigurer,AWT-EventQueue-0:687 - The message source is unable to find message code [newArtifactCommand.description]. Ignoring and returning null.
23:14:33,922  INFO DefaultIconSource,AWT-EventQueue-0:68 - No image resource found for icon with key 'newArtifactCommand.icon'; returning a <null> icon.
23:14:33,922  INFO DefaultIconSource,AWT-EventQueue-0:68 - No image resource found for icon with key 'newArtifactCommand.large.icon'; returning a <null> icon.
23:14:33,932  INFO DefaultApplicationObjectConfigurer,AWT-EventQueue-0:687 - The message source is unable to find message code [newArtifactCommand.label]. Ignoring and returning null.
23:14:33,932  INFO DefaultApplicationObjectConfigurer,AWT-EventQueue-0:687 - The message source is unable to find message code [newArtifactCommand.caption]. Ignoring and returning null.
23:14:33,932  INFO DefaultApplicationObjectConfigurer,AWT-EventQueue-0:687 - The message source is unable to find message code [newArtifactCommand.description]. Ignoring and returning null.
23:14:33,932  INFO DefaultIconSource,AWT-EventQueue-0:68 - No image resource found for icon with key 'newArtifactCommand.icon'; returning a <null> icon.
23:14:33,932  INFO DefaultIconSource,AWT-EventQueue-0:68 - No image resource found for icon with key 'newArtifactCommand.large.icon'; returning a <null> icon.
23:14:33,932  INFO DefaultApplicationObjectConfigurer,AWT-EventQueue-0:687 - The message source is unable to find message code [newArtifactCommand.label]. Ignoring and returning null.
23:14:33,932  INFO DefaultApplicationObjectConfigurer,AWT-EventQueue-0:687 - The message source is unable to find message code [newArtifactCommand.caption]. Ignoring and returning null.
23:14:33,942  INFO DefaultApplicationObjectConfigurer,AWT-EventQueue-0:687 - The message source is unable to find message code [newArtifactCommand.description]. Ignoring and returning null.
23:14:33,942  INFO DefaultIconSource,AWT-EventQueue-0:68 - No image resource found for icon with key 'newArtifactCommand.icon'; returning a <null> icon.
23:14:33,942  INFO DefaultIconSource,AWT-EventQueue-0:68 - No image resource found for icon with key 'newArtifactCommand.large.icon'; returning a <null> icon.
23:14:33,942  INFO DefaultApplicationObjectConfigurer,AWT-EventQueue-0:687 - The message source is unable to find message code [newArtifactCommand.label]. Ignoring and returning null.
23:14:33,942  INFO DefaultApplicationObjectConfigurer,AWT-EventQueue-0:687 - The message source is unable to find message code [newArtifactCommand.caption]. Ignoring and returning null.
23:14:33,942  INFO DefaultApplicationObjectConfigurer,AWT-EventQueue-0:687 - The message source is unable to find message code [newArtifactCommand.description]. Ignoring and returning null.
23:14:33,942  INFO DefaultIconSource,AWT-EventQueue-0:68 - No image resource found for icon with key 'newArtifactCommand.icon'; returning a <null> icon.
23:14:33,942  INFO DefaultIconSource,AWT-EventQueue-0:68 - No image resource found for icon with key 'newArtifactCommand.large.icon'; returning a <null> icon.
23:14:33,942  INFO DefaultApplicationObjectConfigurer,AWT-EventQueue-0:687 - The message source is unable to find message code [newArtifactCommand.label]. Ignoring and returning null.
23:14:33,942  INFO DefaultApplicationObjectConfigurer,AWT-EventQueue-0:687 - The message source is unable to find message code [newArtifactCommand.caption]. Ignoring and returning null.
23:14:33,942  INFO DefaultApplicationObjectConfigurer,AWT-EventQueue-0:687 - The message source is unable to find message code [newArtifactCommand.description]. Ignoring and returning null.
23:14:33,942  INFO DefaultIconSource,AWT-EventQueue-0:68 - No image resource found for icon with key 'newArtifactCommand.icon'; returning a <null> icon.
23:14:33,942  INFO DefaultIconSource,AWT-EventQueue-0:68 - No image resource found for icon with key 'newArtifactCommand.large.icon'; returning a <null> icon.
23:14:33,942  INFO DefaultApplicationObjectConfigurer,AWT-EventQueue-0:687 - The message source is unable to find message code [newArtifactCommand.label]. Ignoring and returning null.
23:14:33,942  INFO DefaultApplicationObjectConfigurer,AWT-EventQueue-0:687 - The message source is unable to find message code [newArtifactCommand.caption]. Ignoring and returning null.
23:14:33,942  INFO DefaultApplicationObjectConfigurer,AWT-EventQueue-0:687 - The message source is unable to find message code [newArtifactCommand.description]. Ignoring and returning null.
23:14:33,952  INFO DefaultIconSource,AWT-EventQueue-0:68 - No image resource found for icon with key 'newArtifactCommand.icon'; returning a <null> icon.
23:14:33,952  INFO DefaultIconSource,AWT-EventQueue-0:68 - No image resource found for icon with key 'newArtifactCommand.large.icon'; returning a <null> icon.
23:14:33,952  INFO DefaultApplicationObjectConfigurer,AWT-EventQueue-0:687 - The message source is unable to find message code [newArtifactCommand.label]. Ignoring and returning null.
23:14:33,952  INFO DefaultApplicationObjectConfigurer,AWT-EventQueue-0:687 - The message source is unable to find message code [newArtifactCommand.caption]. Ignoring and returning null.
23:14:33,952  INFO DefaultApplicationObjectConfigurer,AWT-EventQueue-0:687 - The message source is unable to find message code [newArtifactCommand.description]. Ignoring and returning null.
23:14:33,952  INFO DefaultIconSource,AWT-EventQueue-0:68 - No image resource found for icon with key 'newArtifactCommand.icon'; returning a <null> icon.
23:14:33,952  INFO DefaultIconSource,AWT-EventQueue-0:68 - No image resource found for icon with key 'newArtifactCommand.large.icon'; returning a <null> icon.
23:14:33,952  INFO DefaultApplicationObjectConfigurer,AWT-EventQueue-0:687 - The message source is unable to find message code [newArtifactCommand.label]. Ignoring and returning null.
23:14:33,952  INFO DefaultApplicationObjectConfigurer,AWT-EventQueue-0:687 - The message source is unable to find message code [newArtifactCommand.caption]. Ignoring and returning null.
23:14:33,952  INFO DefaultApplicationObjectConfigurer,AWT-EventQueue-0:687 - The message source is unable to find message code [newArtifactCommand.description]. Ignoring and returning null.
23:14:33,952  INFO DefaultIconSource,AWT-EventQueue-0:68 - No image resource found for icon with key 'newArtifactCommand.icon'; returning a <null> icon.
23:14:33,952  INFO DefaultIconSource,AWT-EventQueue-0:68 - No image resource found for icon with key 'newArtifactCommand.large.icon'; returning a <null> icon.
23:14:33,952  INFO DefaultApplicationObjectConfigurer,AWT-EventQueue-0:687 - The message source is unable to find message code [newArtifactCommand.label]. Ignoring and returning null.
23:14:33,952  INFO DefaultApplicationObjectConfigurer,AWT-EventQueue-0:687 - The message source is unable to find message code [newArtifactCommand.caption]. Ignoring and returning null.
23:14:33,952  INFO DefaultApplicationObjectConfigurer,AWT-EventQueue-0:687 - The message source is unable to find message code [newArtifactCommand.description]. Ignoring and returning null.
23:14:33,952  INFO DefaultIconSource,AWT-EventQueue-0:68 - No image resource found for icon with key 'newArtifactCommand.icon'; returning a <null> icon.
23:14:33,962  INFO DefaultIconSource,AWT-EventQueue-0:68 - No image resource found for icon with key 'newArtifactCommand.large.icon'; returning a <null> icon.
23:14:33,962  INFO DefaultApplicationObjectConfigurer,AWT-EventQueue-0:687 - The message source is unable to find message code [newArtifactCommand.label]. Ignoring and returning null.
23:14:33,962  INFO DefaultApplicationObjectConfigurer,AWT-EventQueue-0:687 - The message source is unable to find message code [newArtifactCommand.caption]. Ignoring and returning null.
23:14:33,962  INFO DefaultApplicationObjectConfigurer,AWT-EventQueue-0:687 - The message source is unable to find message code [newArtifactCommand.description]. Ignoring and returning null.
23:14:33,962  INFO DefaultIconSource,AWT-EventQueue-0:68 - No image resource found for icon with key 'newArtifactCommand.icon'; returning a <null> icon.
23:14:33,962  INFO DefaultIconSource,AWT-EventQueue-0:68 - No image resource found for icon with key 'newArtifactCommand.large.icon'; returning a <null> icon.
23:14:33,962  INFO DefaultApplicationObjectConfigurer,AWT-EventQueue-0:687 - The message source is unable to find message code [newArtifactCommand.label]. Ignoring and returning null.
23:14:33,962  INFO DefaultApplicationObjectConfigurer,AWT-EventQueue-0:687 - The message source is unable to find message code [newArtifactCommand.caption]. Ignoring and returning null.
23:14:33,962  INFO DefaultApplicationObjectConfigurer,AWT-EventQueue-0:687 - The message source is unable to find message code [newArtifactCommand.description]. Ignoring and returning null.
23:14:33,962  INFO DefaultIconSource,AWT-EventQueue-0:68 - No image resource found for icon with key 'newArtifactCommand.icon'; returning a <null> icon.
23:14:33,962  INFO DefaultIconSource,AWT-EventQueue-0:68 - No image resource found for icon with key 'newArtifactCommand.large.icon'; returning a <null> icon.
23:14:33,962  INFO DefaultApplicationObjectConfigurer,AWT-EventQueue-0:687 - The message source is unable to find message code [newArtifactCommand.label]. Ignoring and returning null.
23:14:33,972  INFO DefaultApplicationObjectConfigurer,AWT-EventQueue-0:687 - The message source is unable to find message code [newArtifactCommand.caption]. Ignoring and returning null.
23:14:33,972  INFO DefaultApplicationObjectConfigurer,AWT-EventQueue-0:687 - The message source is unable to find message code [newArtifactCommand.description]. Ignoring and returning null.
23:14:33,972  INFO DefaultIconSource,AWT-EventQueue-0:68 - No image resource found for icon with key 'newArtifactCommand.icon'; returning a <null> icon.
23:14:33,972  INFO DefaultIconSource,AWT-EventQueue-0:68 - No image resource found for icon with key 'newArtifactCommand.large.icon'; returning a <null> icon.
23:14:33,972  INFO DefaultApplicationObjectConfigurer,AWT-EventQueue-0:687 - The message source is unable to find message code [newNationMessageCommand.label]. Ignoring and returning null.
23:14:33,972  INFO DefaultApplicationObjectConfigurer,AWT-EventQueue-0:687 - The message source is unable to find message code [newNationMessageCommand.caption]. Ignoring and returning null.
23:14:33,972  INFO DefaultApplicationObjectConfigurer,AWT-EventQueue-0:687 - The message source is unable to find message code [newNationMessageCommand.description]. Ignoring and returning null.
23:14:33,972  INFO DefaultIconSource,AWT-EventQueue-0:68 - No image resource found for icon with key 'newNationMessageCommand.icon'; returning a <null> icon.
23:14:33,972  INFO DefaultIconSource,AWT-EventQueue-0:68 - No image resource found for icon with key 'newNationMessageCommand.large.icon'; returning a <null> icon.
23:14:33,972  INFO DefaultApplicationObjectConfigurer,AWT-EventQueue-0:687 - The message source is unable to find message code [newNationMessageCommand.label]. Ignoring and returning null.
23:14:33,972  INFO DefaultApplicationObjectConfigurer,AWT-EventQueue-0:687 - The message source is unable to find message code [newNationMessageCommand.caption]. Ignoring and returning null.
23:14:33,972  INFO DefaultApplicationObjectConfigurer,AWT-EventQueue-0:687 - The message source is unable to find message code [newNationMessageCommand.description]. Ignoring and returning null.
23:14:33,972  INFO DefaultIconSource,AWT-EventQueue-0:68 - No image resource found for icon with key 'newNationMessageCommand.icon'; returning a <null> icon.
23:14:33,972  INFO DefaultIconSource,AWT-EventQueue-0:68 - No image resource found for icon with key 'newNationMessageCommand.large.icon'; returning a <null> icon.
23:14:33,972  INFO DefaultApplicationObjectConfigurer,AWT-EventQueue-0:687 - The message source is unable to find message code [newNationMessageCommand.label]. Ignoring and returning null.
23:14:33,972  INFO DefaultApplicationObjectConfigurer,AWT-EventQueue-0:687 - The message source is unable to find message code [newNationMessageCommand.caption]. Ignoring and returning null.
23:14:33,972  INFO DefaultApplicationObjectConfigurer,AWT-EventQueue-0:687 - The message source is unable to find message code [newNationMessageCommand.description]. Ignoring and returning null.
23:14:33,972  INFO DefaultIconSource,AWT-EventQueue-0:68 - No image resource found for icon with key 'newNationMessageCommand.icon'; returning a <null> icon.
23:14:33,972  INFO DefaultIconSource,AWT-EventQueue-0:68 - No image resource found for icon with key 'newNationMessageCommand.large.icon'; returning a <null> icon.
23:14:33,972  INFO DefaultApplicationObjectConfigurer,AWT-EventQueue-0:687 - The message source is unable to find message code [newNationMessageCommand.label]. Ignoring and returning null.
23:14:33,972  INFO DefaultApplicationObjectConfigurer,AWT-EventQueue-0:687 - The message source is unable to find message code [newNationMessageCommand.caption]. Ignoring and returning null.
23:14:33,972  INFO DefaultApplicationObjectConfigurer,AWT-EventQueue-0:687 - The message source is unable to find message code [newNationMessageCommand.description]. Ignoring and returning null.
23:14:33,972  INFO DefaultIconSource,AWT-EventQueue-0:68 - No image resource found for icon with key 'newNationMessageCommand.icon'; returning a <null> icon.
23:14:33,982  INFO DefaultIconSource,AWT-EventQueue-0:68 - No image resource found for icon with key 'newNationMessageCommand.large.icon'; returning a <null> icon.
23:14:33,982  INFO DefaultApplicationObjectConfigurer,AWT-EventQueue-0:687 - The message source is unable to find message code [newNationMessageCommand.label]. Ignoring and returning null.
23:14:33,982  INFO DefaultApplicationObjectConfigurer,AWT-EventQueue-0:687 - The message source is unable to find message code [newNationMessageCommand.caption]. Ignoring and returning null.
23:14:33,982  INFO DefaultApplicationObjectConfigurer,AWT-EventQueue-0:687 - The message source is unable to find message code [newNationMessageCommand.description]. Ignoring and returning null.
23:14:33,982  INFO DefaultIconSource,AWT-EventQueue-0:68 - No image resource found for icon with key 'newNationMessageCommand.icon'; returning a <null> icon.
23:14:33,982  INFO DefaultIconSource,AWT-EventQueue-0:68 - No image resource found for icon with key 'newNationMessageCommand.large.icon'; returning a <null> icon.
23:14:33,982  INFO DefaultApplicationObjectConfigurer,AWT-EventQueue-0:687 - The message source is unable to find message code [newNationMessageCommand.label]. Ignoring and returning null.
23:14:33,982  INFO DefaultApplicationObjectConfigurer,AWT-EventQueue-0:687 - The message source is unable to find message code [newNationMessageCommand.caption]. Ignoring and returning null.
23:14:33,982  INFO DefaultApplicationObjectConfigurer,AWT-EventQueue-0:687 - The message source is unable to find message code [newNationMessageCommand.description]. Ignoring and returning null.
23:14:33,982  INFO DefaultIconSource,AWT-EventQueue-0:68 - No image resource found for icon with key 'newNationMessageCommand.icon'; returning a <null> icon.
23:14:33,982  INFO DefaultIconSource,AWT-EventQueue-0:68 - No image resource found for icon with key 'newNationMessageCommand.large.icon'; returning a <null> icon.
23:14:33,982  INFO DefaultApplicationObjectConfigurer,AWT-EventQueue-0:687 - The message source is unable to find message code [newNationMessageCommand.label]. Ignoring and returning null.
23:14:33,982  INFO DefaultApplicationObjectConfigurer,AWT-EventQueue-0:687 - The message source is unable to find message code [newNationMessageCommand.caption]. Ignoring and returning null.
23:14:33,982  INFO DefaultApplicationObjectConfigurer,AWT-EventQueue-0:687 - The message source is unable to find message code [newNationMessageCommand.description]. Ignoring and returning null.
23:14:33,982  INFO DefaultIconSource,AWT-EventQueue-0:68 - No image resource found for icon with key 'newNationMessageCommand.icon'; returning a <null> icon.
23:14:33,982  INFO DefaultIconSource,AWT-EventQueue-0:68 - No image resource found for icon with key 'newNationMessageCommand.large.icon'; returning a <null> icon.
23:14:33,982  INFO DefaultApplicationObjectConfigurer,AWT-EventQueue-0:687 - The message source is unable to find message code [newNationMessageCommand.label]. Ignoring and returning null.
23:14:33,982  INFO DefaultApplicationObjectConfigurer,AWT-EventQueue-0:687 - The message source is unable to find message code [newNationMessageCommand.caption]. Ignoring and returning null.
23:14:33,982  INFO DefaultApplicationObjectConfigurer,AWT-EventQueue-0:687 - The message source is unable to find message code [newNationMessageCommand.description]. Ignoring and returning null.
23:14:33,982  INFO DefaultIconSource,AWT-EventQueue-0:68 - No image resource found for icon with key 'newNationMessageCommand.icon'; returning a <null> icon.
23:14:33,982  INFO DefaultIconSource,AWT-EventQueue-0:68 - No image resource found for icon with key 'newNationMessageCommand.large.icon'; returning a <null> icon.
23:14:33,982  INFO DefaultApplicationObjectConfigurer,AWT-EventQueue-0:687 - The message source is unable to find message code [newNationMessageCommand.label]. Ignoring and returning null.
23:14:33,982  INFO DefaultApplicationObjectConfigurer,AWT-EventQueue-0:687 - The message source is unable to find message code [newNationMessageCommand.caption]. Ignoring and returning null.
23:14:33,982  INFO DefaultApplicationObjectConfigurer,AWT-EventQueue-0:687 - The message source is unable to find message code [newNationMessageCommand.description]. Ignoring and returning null.
23:14:33,982  INFO DefaultIconSource,AWT-EventQueue-0:68 - No image resource found for icon with key 'newNationMessageCommand.icon'; returning a <null> icon.
23:14:33,982  INFO DefaultIconSource,AWT-EventQueue-0:68 - No image resource found for icon with key 'newNationMessageCommand.large.icon'; returning a <null> icon.
23:14:33,992  INFO DefaultApplicationObjectConfigurer,AWT-EventQueue-0:687 - The message source is unable to find message code [newNationMessageCommand.label]. Ignoring and returning null.
23:14:33,992  INFO DefaultApplicationObjectConfigurer,AWT-EventQueue-0:687 - The message source is unable to find message code [newNationMessageCommand.caption]. Ignoring and returning null.
23:14:33,992  INFO DefaultApplicationObjectConfigurer,AWT-EventQueue-0:687 - The message source is unable to find message code [newNationMessageCommand.description]. Ignoring and returning null.
23:14:33,992  INFO DefaultIconSource,AWT-EventQueue-0:68 - No image resource found for icon with key 'newNationMessageCommand.icon'; returning a <null> icon.
23:14:33,992  INFO DefaultIconSource,AWT-EventQueue-0:68 - No image resource found for icon with key 'newNationMessageCommand.large.icon'; returning a <null> icon.
23:14:33,992  INFO DefaultApplicationObjectConfigurer,AWT-EventQueue-0:687 - The message source is unable to find message code [newNationMessageCommand.label]. Ignoring and returning null.
23:14:33,992  INFO DefaultApplicationObjectConfigurer,AWT-EventQueue-0:687 - The message source is unable to find message code [newNationMessageCommand.caption]. Ignoring and returning null.
23:14:33,992  INFO DefaultApplicationObjectConfigurer,AWT-EventQueue-0:687 - The message source is unable to find message code [newNationMessageCommand.description]. Ignoring and returning null.
23:14:33,992  INFO DefaultIconSource,AWT-EventQueue-0:68 - No image resource found for icon with key 'newNationMessageCommand.icon'; returning a <null> icon.
23:14:33,992  INFO DefaultIconSource,AWT-EventQueue-0:68 - No image resource found for icon with key 'newNationMessageCommand.large.icon'; returning a <null> icon.
23:14:33,992  INFO DefaultApplicationObjectConfigurer,AWT-EventQueue-0:687 - The message source is unable to find message code [newNationMessageCommand.label]. Ignoring and returning null.
23:14:33,992  INFO DefaultApplicationObjectConfigurer,AWT-EventQueue-0:687 - The message source is unable to find message code [newNationMessageCommand.caption]. Ignoring and returning null.
23:14:33,992  INFO DefaultApplicationObjectConfigurer,AWT-EventQueue-0:687 - The message source is unable to find message code [newNationMessageCommand.description]. Ignoring and returning null.
23:14:33,992  INFO DefaultIconSource,AWT-EventQueue-0:68 - No image resource found for icon with key 'newNationMessageCommand.icon'; returning a <null> icon.
23:14:33,992  INFO DefaultIconSource,AWT-EventQueue-0:68 - No image resource found for icon with key 'newNationMessageCommand.large.icon'; returning a <null> icon.
23:14:33,992  INFO DefaultApplicationObjectConfigurer,AWT-EventQueue-0:687 - The message source is unable to find message code [newNationMessageCommand.label]. Ignoring and returning null.
23:14:33,992  INFO DefaultApplicationObjectConfigurer,AWT-EventQueue-0:687 - The message source is unable to find message code [newNationMessageCommand.caption]. Ignoring and returning null.
23:14:33,992  INFO DefaultApplicationObjectConfigurer,AWT-EventQueue-0:687 - The message source is unable to find message code [newNationMessageCommand.description]. Ignoring and returning null.
23:14:33,992  INFO DefaultIconSource,AWT-EventQueue-0:68 - No image resource found for icon with key 'newNationMessageCommand.icon'; returning a <null> icon.
23:14:33,992  INFO DefaultIconSource,AWT-EventQueue-0:68 - No image resource found for icon with key 'newNationMessageCommand.large.icon'; returning a <null> icon.
23:14:33,992  INFO DefaultApplicationObjectConfigurer,AWT-EventQueue-0:687 - The message source is unable to find message code [newNationMessageCommand.label]. Ignoring and returning null.
23:14:33,992  INFO DefaultApplicationObjectConfigurer,AWT-EventQueue-0:687 - The message source is unable to find message code [newNationMessageCommand.caption]. Ignoring and returning null.
23:14:33,992  INFO DefaultApplicationObjectConfigurer,AWT-EventQueue-0:687 - The message source is unable to find message code [newNationMessageCommand.description]. Ignoring and returning null.
23:14:33,992  INFO DefaultIconSource,AWT-EventQueue-0:68 - No image resource found for icon with key 'newNationMessageCommand.icon'; returning a <null> icon.
23:14:33,992  INFO DefaultIconSource,AWT-EventQueue-0:68 - No image resource found for icon with key 'newNationMessageCommand.large.icon'; returning a <null> icon.
23:14:33,992  INFO DefaultApplicationObjectConfigurer,AWT-EventQueue-0:687 - The message source is unable to find message code [newNationMessageCommand.label]. Ignoring and returning null.
23:14:33,992  INFO DefaultApplicationObjectConfigurer,AWT-EventQueue-0:687 - The message source is unable to find message code [newNationMessageCommand.caption]. Ignoring and returning null.
23:14:33,992  INFO DefaultApplicationObjectConfigurer,AWT-EventQueue-0:687 - The message source is unable to find message code [newNationMessageCommand.description]. Ignoring and returning null.
23:14:33,992  INFO DefaultIconSource,AWT-EventQueue-0:68 - No image resource found for icon with key 'newNationMessageCommand.icon'; returning a <null> icon.
23:14:33,992  INFO DefaultIconSource,AWT-EventQueue-0:68 - No image resource found for icon with key 'newNationMessageCommand.large.icon'; returning a <null> icon.
23:14:34,002  INFO DefaultApplicationObjectConfigurer,AWT-EventQueue-0:687 - The message source is unable to find message code [newNationMessageCommand.label]. Ignoring and returning null.
23:14:34,002  INFO DefaultApplicationObjectConfigurer,AWT-EventQueue-0:687 - The message source is unable to find message code [newNationMessageCommand.caption]. Ignoring and returning null.
23:14:34,002  INFO DefaultApplicationObjectConfigurer,AWT-EventQueue-0:687 - The message source is unable to find message code [newNationMessageCommand.description]. Ignoring and returning null.
23:14:34,002  INFO DefaultIconSource,AWT-EventQueue-0:68 - No image resource found for icon with key 'newNationMessageCommand.icon'; returning a <null> icon.
23:14:34,002  INFO DefaultIconSource,AWT-EventQueue-0:68 - No image resource found for icon with key 'newNationMessageCommand.large.icon'; returning a <null> icon.
23:14:34,032  INFO DefaultApplicationObjectConfigurer,AWT-EventQueue-0:687 - The message source is unable to find message code [newNationMessageCommand.label]. Ignoring and returning null.
23:14:34,032  INFO DefaultApplicationObjectConfigurer,AWT-EventQueue-0:687 - The message source is unable to find message code [newNationMessageCommand.caption]. Ignoring and returning null.
23:14:34,032  INFO DefaultApplicationObjectConfigurer,AWT-EventQueue-0:687 - The message source is unable to find message code [newNationMessageCommand.description]. Ignoring and returning null.
23:14:34,032  INFO DefaultIconSource,AWT-EventQueue-0:68 - No image resource found for icon with key 'newNationMessageCommand.icon'; returning a <null> icon.
23:14:34,032  INFO DefaultIconSource,AWT-EventQueue-0:68 - No image resource found for icon with key 'newNationMessageCommand.large.icon'; returning a <null> icon.
23:14:34,032  INFO DefaultApplicationObjectConfigurer,AWT-EventQueue-0:687 - The message source is unable to find message code [newNationMessageCommand.label]. Ignoring and returning null.
23:14:34,032  INFO DefaultApplicationObjectConfigurer,AWT-EventQueue-0:687 - The message source is unable to find message code [newNationMessageCommand.caption]. Ignoring and returning null.
23:14:34,032  INFO DefaultApplicationObjectConfigurer,AWT-EventQueue-0:687 - The message source is unable to find message code [newNationMessageCommand.description]. Ignoring and returning null.
23:14:34,032  INFO DefaultIconSource,AWT-EventQueue-0:68 - No image resource found for icon with key 'newNationMessageCommand.icon'; returning a <null> icon.
23:14:34,032  INFO DefaultIconSource,AWT-EventQueue-0:68 - No image resource found for icon with key 'newNationMessageCommand.large.icon'; returning a <null> icon.
23:14:34,032  INFO DefaultApplicationObjectConfigurer,AWT-EventQueue-0:687 - The message source is unable to find message code [newNationMessageCommand.label]. Ignoring and returning null.
23:14:34,032  INFO DefaultApplicationObjectConfigurer,AWT-EventQueue-0:687 - The message source is unable to find message code [newNationMessageCommand.caption]. Ignoring and returning null.
23:14:34,032  INFO DefaultApplicationObjectConfigurer,AWT-EventQueue-0:687 - The message source is unable to find message code [newNationMessageCommand.description]. Ignoring and returning null.
23:14:34,032  INFO DefaultIconSource,AWT-EventQueue-0:68 - No image resource found for icon with key 'newNationMessageCommand.icon'; returning a <null> icon.
23:14:34,032  INFO DefaultIconSource,AWT-EventQueue-0:68 - No image resource found for icon with key 'newNationMessageCommand.large.icon'; returning a <null> icon.
23:14:34,032  INFO DefaultApplicationObjectConfigurer,AWT-EventQueue-0:687 - The message source is unable to find message code [newNationMessageCommand.label]. Ignoring and returning null.
23:14:34,032  INFO DefaultApplicationObjectConfigurer,AWT-EventQueue-0:687 - The message source is unable to find message code [newNationMessageCommand.caption]. Ignoring and returning null.
23:14:34,032  INFO DefaultApplicationObjectConfigurer,AWT-EventQueue-0:687 - The message source is unable to find message code [newNationMessageCommand.description]. Ignoring and returning null.
23:14:34,032  INFO DefaultIconSource,AWT-EventQueue-0:68 - No image resource found for icon with key 'newNationMessageCommand.icon'; returning a <null> icon.
23:14:34,032  INFO DefaultIconSource,AWT-EventQueue-0:68 - No image resource found for icon with key 'newNationMessageCommand.large.icon'; returning a <null> icon.
23:14:34,032  INFO DefaultApplicationObjectConfigurer,AWT-EventQueue-0:687 - The message source is unable to find message code [newCombatCommand.label]. Ignoring and returning null.
23:14:34,032  INFO DefaultApplicationObjectConfigurer,AWT-EventQueue-0:687 - The message source is unable to find message code [newCombatCommand.caption]. Ignoring and returning null.
23:14:34,042  INFO DefaultApplicationObjectConfigurer,AWT-EventQueue-0:687 - The message source is unable to find message code [newCombatCommand.description]. Ignoring and returning null.
23:14:34,042  INFO DefaultIconSource,AWT-EventQueue-0:68 - No image resource found for icon with key 'newCombatCommand.icon'; returning a <null> icon.
23:14:34,042  INFO DefaultIconSource,AWT-EventQueue-0:68 - No image resource found for icon with key 'newCombatCommand.large.icon'; returning a <null> icon.
23:14:34,042  INFO DefaultApplicationObjectConfigurer,AWT-EventQueue-0:687 - The message source is unable to find message code [newCombatCommand.label]. Ignoring and returning null.
23:14:34,042  INFO DefaultApplicationObjectConfigurer,AWT-EventQueue-0:687 - The message source is unable to find message code [newCombatCommand.caption]. Ignoring and returning null.
23:14:34,042  INFO DefaultApplicationObjectConfigurer,AWT-EventQueue-0:687 - The message source is unable to find message code [newCombatCommand.description]. Ignoring and returning null.
23:14:34,042  INFO DefaultIconSource,AWT-EventQueue-0:68 - No image resource found for icon with key 'newCombatCommand.icon'; returning a <null> icon.
23:14:34,042  INFO DefaultIconSource,AWT-EventQueue-0:68 - No image resource found for icon with key 'newCombatCommand.large.icon'; returning a <null> icon.
23:14:34,042  INFO DefaultApplicationObjectConfigurer,AWT-EventQueue-0:687 - The message source is unable to find message code [newCombatCommand.label]. Ignoring and returning null.
23:14:34,042  INFO DefaultApplicationObjectConfigurer,AWT-EventQueue-0:687 - The message source is unable to find message code [newCombatCommand.caption]. Ignoring and returning null.
23:14:34,042  INFO DefaultApplicationObjectConfigurer,AWT-EventQueue-0:687 - The message source is unable to find message code [newCombatCommand.description]. Ignoring and returning null.
23:14:34,042  INFO DefaultIconSource,AWT-EventQueue-0:68 - No image resource found for icon with key 'newCombatCommand.icon'; returning a <null> icon.
23:14:34,042  INFO DefaultIconSource,AWT-EventQueue-0:68 - No image resource found for icon with key 'newCombatCommand.large.icon'; returning a <null> icon.
23:14:34,042  INFO DefaultApplicationObjectConfigurer,AWT-EventQueue-0:687 - The message source is unable to find message code [newCombatCommand.label]. Ignoring and returning null.
23:14:34,042  INFO DefaultApplicationObjectConfigurer,AWT-EventQueue-0:687 - The message source is unable to find message code [newCombatCommand.caption]. Ignoring and returning null.
23:14:34,042  INFO DefaultApplicationObjectConfigurer,AWT-EventQueue-0:687 - The message source is unable to find message code [newCombatCommand.description]. Ignoring and returning null.
23:14:34,042  INFO DefaultIconSource,AWT-EventQueue-0:68 - No image resource found for icon with key 'newCombatCommand.icon'; returning a <null> icon.
23:14:34,042  INFO DefaultIconSource,AWT-EventQueue-0:68 - No image resource found for icon with key 'newCombatCommand.large.icon'; returning a <null> icon.
23:14:34,042  INFO DefaultApplicationObjectConfigurer,AWT-EventQueue-0:687 - The message source is unable to find message code [newCombatCommand.label]. Ignoring and returning null.
23:14:34,042  INFO DefaultApplicationObjectConfigurer,AWT-EventQueue-0:687 - The message source is unable to find message code [newCombatCommand.caption]. Ignoring and returning null.
23:14:34,042  INFO DefaultApplicationObjectConfigurer,AWT-EventQueue-0:687 - The message source is unable to find message code [newCombatCommand.description]. Ignoring and returning null.
23:14:34,042  INFO DefaultIconSource,AWT-EventQueue-0:68 - No image resource found for icon with key 'newCombatCommand.icon'; returning a <null> icon.
23:14:34,042  INFO DefaultIconSource,AWT-EventQueue-0:68 - No image resource found for icon with key 'newCombatCommand.large.icon'; returning a <null> icon.
23:14:34,062  INFO DefaultApplicationObjectConfigurer,AWT-EventQueue-0:687 - The message source is unable to find message code [newEncounterCommand.label]. Ignoring and returning null.
23:14:34,062  INFO DefaultApplicationObjectConfigurer,AWT-EventQueue-0:687 - The message source is unable to find message code [newEncounterCommand.caption]. Ignoring and returning null.
23:14:34,062  INFO DefaultApplicationObjectConfigurer,AWT-EventQueue-0:687 - The message source is unable to find message code [newEncounterCommand.description]. Ignoring and returning null.
23:14:34,062  INFO DefaultIconSource,AWT-EventQueue-0:68 - No image resource found for icon with key 'newEncounterCommand.icon'; returning a <null> icon.
23:14:34,062  INFO DefaultIconSource,AWT-EventQueue-0:68 - No image resource found for icon with key 'newEncounterCommand.large.icon'; returning a <null> icon.
23:14:34,062  INFO DefaultApplicationObjectConfigurer,AWT-EventQueue-0:687 - The message source is unable to find message code [newEncounterCommand.label]. Ignoring and returning null.
23:14:34,062  INFO DefaultApplicationObjectConfigurer,AWT-EventQueue-0:687 - The message source is unable to find message code [newEncounterCommand.caption]. Ignoring and returning null.
23:14:34,062  INFO DefaultApplicationObjectConfigurer,AWT-EventQueue-0:687 - The message source is unable to find message code [newEncounterCommand.description]. Ignoring and returning null.
23:14:34,062  INFO DefaultIconSource,AWT-EventQueue-0:68 - No image resource found for icon with key 'newEncounterCommand.icon'; returning a <null> icon.
23:14:34,062  INFO DefaultIconSource,AWT-EventQueue-0:68 - No image resource found for icon with key 'newEncounterCommand.large.icon'; returning a <null> icon.
23:14:34,072  INFO DefaultApplicationObjectConfigurer,AWT-EventQueue-0:687 - The message source is unable to find message code [newEncounterCommand.label]. Ignoring and returning null.
23:14:34,072  INFO DefaultApplicationObjectConfigurer,AWT-EventQueue-0:687 - The message source is unable to find message code [newEncounterCommand.caption]. Ignoring and returning null.
23:14:34,072  INFO DefaultApplicationObjectConfigurer,AWT-EventQueue-0:687 - The message source is unable to find message code [newEncounterCommand.description]. Ignoring and returning null.
23:14:34,072  INFO DefaultIconSource,AWT-EventQueue-0:68 - No image resource found for icon with key 'newEncounterCommand.icon'; returning a <null> icon.
23:14:34,072  INFO DefaultIconSource,AWT-EventQueue-0:68 - No image resource found for icon with key 'newEncounterCommand.large.icon'; returning a <null> icon.
23:14:34,072  INFO DefaultApplicationObjectConfigurer,AWT-EventQueue-0:687 - The message source is unable to find message code [newEncounterCommand.label]. Ignoring and returning null.
23:14:34,072  INFO DefaultApplicationObjectConfigurer,AWT-EventQueue-0:687 - The message source is unable to find message code [newEncounterCommand.caption]. Ignoring and returning null.
23:14:34,072  INFO DefaultApplicationObjectConfigurer,AWT-EventQueue-0:687 - The message source is unable to find message code [newEncounterCommand.description]. Ignoring and returning null.
23:14:34,072  INFO DefaultIconSource,AWT-EventQueue-0:68 - No image resource found for icon with key 'newEncounterCommand.icon'; returning a <null> icon.
23:14:34,072  INFO DefaultIconSource,AWT-EventQueue-0:68 - No image resource found for icon with key 'newEncounterCommand.large.icon'; returning a <null> icon.
23:14:34,072  INFO DefaultApplicationObjectConfigurer,AWT-EventQueue-0:687 - The message source is unable to find message code [newEncounterCommand.label]. Ignoring and returning null.
23:14:34,072  INFO DefaultApplicationObjectConfigurer,AWT-EventQueue-0:687 - The message source is unable to find message code [newEncounterCommand.caption]. Ignoring and returning null.
23:14:34,072  INFO DefaultApplicationObjectConfigurer,AWT-EventQueue-0:687 - The message source is unable to find message code [newEncounterCommand.description]. Ignoring and returning null.
23:14:34,072  INFO DefaultIconSource,AWT-EventQueue-0:68 - No image resource found for icon with key 'newEncounterCommand.icon'; returning a <null> icon.
23:14:34,072  INFO DefaultIconSource,AWT-EventQueue-0:68 - No image resource found for icon with key 'newEncounterCommand.large.icon'; returning a <null> icon.
23:14:34,082  INFO DefaultApplicationObjectConfigurer,AWT-EventQueue-0:687 - The message source is unable to find message code [newHexCommand.label]. Ignoring and returning null.
23:14:34,082  INFO DefaultApplicationObjectConfigurer,AWT-EventQueue-0:687 - The message source is unable to find message code [newHexCommand.caption]. Ignoring and returning null.
23:14:34,082  INFO DefaultApplicationObjectConfigurer,AWT-EventQueue-0:687 - The message source is unable to find message code [newHexCommand.description]. Ignoring and returning null.
23:14:34,082  INFO DefaultIconSource,AWT-EventQueue-0:68 - No image resource found for icon with key 'newHexCommand.icon'; returning a <null> icon.
23:14:34,082  INFO DefaultIconSource,AWT-EventQueue-0:68 - No image resource found for icon with key 'newHexCommand.large.icon'; returning a <null> icon.
23:14:34,112  INFO JideApplicationPage,AWT-EventQueue-0:225 - Registering view currentHexDataViewer
23:14:34,112  INFO JideApplicationPage,AWT-EventQueue-0:43 - Creating dockable frame for page component currentHexDataViewer
23:14:34,202  INFO JideApplicationPage,AWT-EventQueue-0:225 - Registering view mapView
23:14:34,202  INFO JideApplicationPage,AWT-EventQueue-0:43 - Creating dockable frame for page component mapView
23:14:34,202  INFO DefaultApplicationObjectConfigurer,AWT-EventQueue-0:687 - The message source is unable to find message code [newOrderCommand.label]. Ignoring and returning null.
23:14:34,202  INFO DefaultApplicationObjectConfigurer,AWT-EventQueue-0:687 - The message source is unable to find message code [newOrderCommand.caption]. Ignoring and returning null.
23:14:34,202  INFO DefaultApplicationObjectConfigurer,AWT-EventQueue-0:687 - The message source is unable to find message code [newOrderCommand.description]. Ignoring and returning null.
23:14:34,202  INFO DefaultIconSource,AWT-EventQueue-0:68 - No image resource found for icon with key 'newOrderCommand.icon'; returning a <null> icon.
23:14:34,202  INFO DefaultIconSource,AWT-EventQueue-0:68 - No image resource found for icon with key 'newOrderCommand.large.icon'; returning a <null> icon.
23:14:34,342  INFO JideApplicationPage,AWT-EventQueue-0:225 - Registering view orderEditorView
23:14:34,342  INFO JideApplicationPage,AWT-EventQueue-0:43 - Creating dockable frame for page component orderEditorView
23:14:34,362  INFO JideApplicationPage,AWT-EventQueue-0:225 - Registering view characterListView
23:14:34,362  INFO JideApplicationPage,AWT-EventQueue-0:43 - Creating dockable frame for page component characterListView
23:14:34,372  INFO JideApplicationPage,AWT-EventQueue-0:225 - Registering view armyListView
23:14:34,372  INFO JideApplicationPage,AWT-EventQueue-0:43 - Creating dockable frame for page component armyListView
23:14:34,382  INFO JideApplicationPage,AWT-EventQueue-0:225 - Registering view populationCenterListView
23:14:34,382  INFO JideApplicationPage,AWT-EventQueue-0:43 - Creating dockable frame for page component populationCenterListView
23:14:34,382  INFO JideApplicationPage,AWT-EventQueue-0:225 - Registering view nationEconomyListView
23:14:34,392  INFO JideApplicationPage,AWT-EventQueue-0:43 - Creating dockable frame for page component nationEconomyListView
23:14:34,412  INFO JideApplicationPage,AWT-EventQueue-0:225 - Registering view armySizeEstimatesListView
23:14:34,412  INFO JideApplicationPage,AWT-EventQueue-0:43 - Creating dockable frame for page component armySizeEstimatesListView
23:14:34,432  INFO JideApplicationPage,AWT-EventQueue-0:225 - Registering view nationEconomyPotentialsListView
23:14:34,432  INFO JideApplicationPage,AWT-EventQueue-0:43 - Creating dockable frame for page component nationEconomyPotentialsListView
23:14:34,432  INFO JideApplicationPage,AWT-EventQueue-0:225 - Registering view pdfFileView
23:14:34,432  INFO JideApplicationPage,AWT-EventQueue-0:43 - Creating dockable frame for page component pdfFileView
23:14:34,442  INFO JideApplicationPage,AWT-EventQueue-0:225 - Registering view startingCharacterListView
23:14:34,442  INFO JideApplicationPage,AWT-EventQueue-0:43 - Creating dockable frame for page component startingCharacterListView
23:14:34,472  INFO JideApplicationPage,AWT-EventQueue-0:225 - Registering view infoView
23:14:34,472  INFO JideApplicationPage,AWT-EventQueue-0:43 - Creating dockable frame for page component infoView
23:14:34,482  INFO JideApplicationPage,AWT-EventQueue-0:225 - Registering view orderInfoView
23:14:34,482  INFO JideApplicationPage,AWT-EventQueue-0:43 - Creating dockable frame for page component orderInfoView
23:14:34,492  INFO JideApplicationPage,AWT-EventQueue-0:225 - Registering view advancedArtifactListView
23:14:34,492  INFO JideApplicationPage,AWT-EventQueue-0:43 - Creating dockable frame for page component advancedArtifactListView
23:14:34,502  INFO JideApplicationPage,AWT-EventQueue-0:225 - Registering view armyEstimatesListView
23:14:34,502  INFO JideApplicationPage,AWT-EventQueue-0:43 - Creating dockable frame for page component armyEstimatesListView
23:14:34,552  INFO JideApplicationPage,AWT-EventQueue-0:225 - Registering view advancedCharacterListView
23:14:34,552  INFO JideApplicationPage,AWT-EventQueue-0:43 - Creating dockable frame for page component advancedCharacterListView
23:14:34,552  INFO JideApplicationPage,AWT-EventQueue-0:225 - Registering view nationStatisticsListView
23:14:34,552  INFO JideApplicationPage,AWT-EventQueue-0:43 - Creating dockable frame for page component nationStatisticsListView
23:14:34,572  INFO JideApplicationPage,AWT-EventQueue-0:225 - Registering view teamEconomyView
23:14:34,572  INFO JideApplicationPage,AWT-EventQueue-0:43 - Creating dockable frame for page component teamEconomyView
23:14:34,582  INFO JideApplicationPage,AWT-EventQueue-0:225 - Registering view notesListView
23:14:34,582  INFO JideApplicationPage,AWT-EventQueue-0:43 - Creating dockable frame for page component notesListView
23:14:34,832  INFO JideApplicationPage,AWT-EventQueue-0:225 - Registering view turnReportView
23:14:34,832  INFO JideApplicationPage,AWT-EventQueue-0:43 - Creating dockable frame for page component turnReportView
23:14:34,832  INFO JideApplicationPage,AWT-EventQueue-0:225 - Registering view gameEncountersReportView
23:14:34,832  INFO JideApplicationPage,AWT-EventQueue-0:43 - Creating dockable frame for page component gameEncountersReportView
23:14:34,842  INFO JideApplicationPage,AWT-EventQueue-0:225 - Registering view orderResultsView
23:14:34,842  INFO JideApplicationPage,AWT-EventQueue-0:43 - Creating dockable frame for page component orderResultsView
23:14:34,852  INFO JideApplicationPage,AWT-EventQueue-0:225 - Registering view playerInfoListView
23:14:34,852  INFO JideApplicationPage,AWT-EventQueue-0:43 - Creating dockable frame for page component playerInfoListView
23:14:34,862  INFO JideApplicationPage,AWT-EventQueue-0:225 - Registering view combatCalcView
23:14:34,862  INFO JideApplicationPage,AWT-EventQueue-0:43 - Creating dockable frame for page component combatCalcView
23:14:34,872  INFO JideApplicationPage,AWT-EventQueue-0:225 - Registering view mapEditorView
23:14:34,872  INFO JideApplicationPage,AWT-EventQueue-0:43 - Creating dockable frame for page component mapEditorView
23:14:42,905  INFO LayoutManager,AWT-EventQueue-0:66 - Used existing layout
23:14:57,223  INFO ApplicationEventLogger,AWT-EventQueue-0:21 - ** Event MapMetadataChangedEvent
23:14:57,393  INFO ApplicationEventLogger,AWT-EventQueue-0:21 - ** Event GameChangedEvent
23:14:57,683  INFO ApplicationEventLogger,AWT-EventQueue-0:21 - ** Event SelectedHexChangedEvent
23:14:58,775 ERROR ArtifactInfoCollector,AWT-EventQueue-0:77 - Failed to find artifact wrapper for #46 artifact
23:14:58,775 ERROR ArtifactInfoCollector,AWT-EventQueue-0:77 - Failed to find artifact wrapper for #151 Palantír of Minas Ithil
23:14:58,875  INFO ApplicationEventLogger,AWT-EventQueue-0:21 - ** Event SelectedHexChangedEvent
23:14:59,665 ERROR MapPanel,AWT-EventQueue-0:426 - Error rendering character Neburcha -23
23:14:59,675 ERROR MapPanel,AWT-EventQueue-0:426 - Error rendering character Rulart null
23:14:59,675 ERROR MapPanel,AWT-EventQueue-0:426 - Error rendering character Lorgan null
